cl : Command line warning D9035: option 'Gm' has been deprecated and will be removed in a future release
  TrainingFramework.cpp
d:\documents\github\trainingframework\trainingframework_vs2013\trainingframework\camera.h(19): warning C4305: 'initializing': truncation from 'double' to 'float'
  SceneManager.cpp
d:\documents\github\trainingframework\trainingframework_vs2013\trainingframework\camera.h(19): warning C4305: 'initializing': truncation from 'double' to 'float'
d:\documents\github\trainingframework\trainingframework_vs2013\trainingframework\scenemanager.cpp(28): warning C4996: 'fopen': This function or variable may be unsafe. Consider using fopen_s instead. To disable deprecation, use _CRT_SECURE_NO_WARNINGS. See online help for details.
  c:\program files (x86)\windows kits\10\include\10.0.18362.0\ucrt\stdio.h(208): note: see declaration of 'fopen'
d:\documents\github\trainingframework\trainingframework_vs2013\trainingframework\scenemanager.cpp(29): warning C4996: 'fscanf': This function or variable may be unsafe. Consider using fscanf_s instead. To disable deprecation, use _CRT_SECURE_NO_WARNINGS. See online help for details.
  c:\program files (x86)\windows kits\10\include\10.0.18362.0\ucrt\stdio.h(1197): note: see declaration of 'fscanf'
d:\documents\github\trainingframework\trainingframework_vs2013\trainingframework\scenemanager.cpp(35): warning C4996: 'fscanf': This function or variable may be unsafe. Consider using fscanf_s instead. To disable deprecation, use _CRT_SECURE_NO_WARNINGS. See online help for details.
  c:\program files (x86)\windows kits\10\include\10.0.18362.0\ucrt\stdio.h(1197): note: see declaration of 'fscanf'
d:\documents\github\trainingframework\trainingframework_vs2013\trainingframework\scenemanager.cpp(36): warning C4996: 'fscanf': This function or variable may be unsafe. Consider using fscanf_s instead. To disable deprecation, use _CRT_SECURE_NO_WARNINGS. See online help for details.
  c:\program files (x86)\windows kits\10\include\10.0.18362.0\ucrt\stdio.h(1197): note: see declaration of 'fscanf'
d:\documents\github\trainingframework\trainingframework_vs2013\trainingframework\scenemanager.cpp(37): warning C4996: 'fscanf': This function or variable may be unsafe. Consider using fscanf_s instead. To disable deprecation, use _CRT_SECURE_NO_WARNINGS. See online help for details.
  c:\program files (x86)\windows kits\10\include\10.0.18362.0\ucrt\stdio.h(1197): note: see declaration of 'fscanf'
d:\documents\github\trainingframework\trainingframework_vs2013\trainingframework\scenemanager.cpp(38): warning C4996: 'fscanf': This function or variable may be unsafe. Consider using fscanf_s instead. To disable deprecation, use _CRT_SECURE_NO_WARNINGS. See online help for details.
  c:\program files (x86)\windows kits\10\include\10.0.18362.0\ucrt\stdio.h(1197): note: see declaration of 'fscanf'
d:\documents\github\trainingframework\trainingframework_vs2013\trainingframework\scenemanager.cpp(39): warning C4996: 'fscanf': This function or variable may be unsafe. Consider using fscanf_s instead. To disable deprecation, use _CRT_SECURE_NO_WARNINGS. See online help for details.
  c:\program files (x86)\windows kits\10\include\10.0.18362.0\ucrt\stdio.h(1197): note: see declaration of 'fscanf'
d:\documents\github\trainingframework\trainingframework_vs2013\trainingframework\scenemanager.cpp(40): warning C4996: 'fscanf': This function or variable may be unsafe. Consider using fscanf_s instead. To disable deprecation, use _CRT_SECURE_NO_WARNINGS. See online help for details.
  c:\program files (x86)\windows kits\10\include\10.0.18362.0\ucrt\stdio.h(1197): note: see declaration of 'fscanf'
d:\documents\github\trainingframework\trainingframework_vs2013\trainingframework\scenemanager.cpp(41): warning C4996: 'fscanf': This function or variable may be unsafe. Consider using fscanf_s instead. To disable deprecation, use _CRT_SECURE_NO_WARNINGS. See online help for details.
  c:\program files (x86)\windows kits\10\include\10.0.18362.0\ucrt\stdio.h(1197): note: see declaration of 'fscanf'
d:\documents\github\trainingframework\trainingframework_vs2013\trainingframework\scenemanager.cpp(42): warning C4996: 'fscanf': This function or variable may be unsafe. Consider using fscanf_s instead. To disable deprecation, use _CRT_SECURE_NO_WARNINGS. See online help for details.
  c:\program files (x86)\windows kits\10\include\10.0.18362.0\ucrt\stdio.h(1197): note: see declaration of 'fscanf'
d:\documents\github\trainingframework\trainingframework_vs2013\trainingframework\scenemanager.cpp(43): warning C4996: 'fscanf': This function or variable may be unsafe. Consider using fscanf_s instead. To disable deprecation, use _CRT_SECURE_NO_WARNINGS. See online help for details.
  c:\program files (x86)\windows kits\10\include\10.0.18362.0\ucrt\stdio.h(1197): note: see declaration of 'fscanf'
d:\documents\github\trainingframework\trainingframework_vs2013\trainingframework\scenemanager.cpp(44): warning C4996: 'fscanf': This function or variable may be unsafe. Consider using fscanf_s instead. To disable deprecation, use _CRT_SECURE_NO_WARNINGS. See online help for details.
  c:\program files (x86)\windows kits\10\include\10.0.18362.0\ucrt\stdio.h(1197): note: see declaration of 'fscanf'
d:\documents\github\trainingframework\trainingframework_vs2013\trainingframework\scenemanager.cpp(46): warning C4996: 'fscanf': This function or variable may be unsafe. Consider using fscanf_s instead. To disable deprecation, use _CRT_SECURE_NO_WARNINGS. See online help for details.
  c:\program files (x86)\windows kits\10\include\10.0.18362.0\ucrt\stdio.h(1197): note: see declaration of 'fscanf'
d:\documents\github\trainingframework\trainingframework_vs2013\trainingframework\scenemanager.cpp(47): warning C4996: 'fscanf': This function or variable may be unsafe. Consider using fscanf_s instead. To disable deprecation, use _CRT_SECURE_NO_WARNINGS. See online help for details.
  c:\program files (x86)\windows kits\10\include\10.0.18362.0\ucrt\stdio.h(1197): note: see declaration of 'fscanf'
d:\documents\github\trainingframework\trainingframework_vs2013\trainingframework\scenemanager.cpp(48): warning C4996: 'fscanf': This function or variable may be unsafe. Consider using fscanf_s instead. To disable deprecation, use _CRT_SECURE_NO_WARNINGS. See online help for details.
  c:\program files (x86)\windows kits\10\include\10.0.18362.0\ucrt\stdio.h(1197): note: see declaration of 'fscanf'
d:\documents\github\trainingframework\trainingframework_vs2013\trainingframework\scenemanager.cpp(49): warning C4996: 'fscanf': This function or variable may be unsafe. Consider using fscanf_s instead. To disable deprecation, use _CRT_SECURE_NO_WARNINGS. See online help for details.
  c:\program files (x86)\windows kits\10\include\10.0.18362.0\ucrt\stdio.h(1197): note: see declaration of 'fscanf'
d:\documents\github\trainingframework\trainingframework_vs2013\trainingframework\scenemanager.cpp(50): warning C4996: 'fscanf': This function or variable may be unsafe. Consider using fscanf_s instead. To disable deprecation, use _CRT_SECURE_NO_WARNINGS. See online help for details.
  c:\program files (x86)\windows kits\10\include\10.0.18362.0\ucrt\stdio.h(1197): note: see declaration of 'fscanf'
d:\documents\github\trainingframework\trainingframework_vs2013\trainingframework\scenemanager.cpp(83): warning C4996: 'strcpy': This function or variable may be unsafe. Consider using strcpy_s instead. To disable deprecation, use _CRT_SECURE_NO_WARNINGS. See online help for details.
  c:\program files (x86)\windows kits\10\include\10.0.18362.0\ucrt\string.h(133): note: see declaration of 'strcpy'
  Generating Code...
  TrainingFramework.vcxproj -> D:\Documents\GitHub\TrainingFramework\TrainingFramework_VS2013\\BIN\TrainingFramework.exe
